2025-12-03 00:43:14 [ERROR] ArchiveSender: Failed to send archive - Net::ReadTimeout with #<TCPSocket:(closed)>
2025-12-03 00:43:14 [ERROR] Application error: Net::ReadTimeout - Net::ReadTimeout with #<TCPSocket:(closed)>
2025-12-03 00:43:14 [ERROR] C:/Ruby34-x64/lib/ruby/gems/3.4.0/gems/net-protocol-0.2.2/lib/net/protocol.rb:229:in 'Net::BufferedIO#rbuf_fill'
C:/Ruby34-x64/lib/ruby/gems/3.4.0/gems/net-protocol-0.2.2/lib/net/protocol.rb:199:in 'Net::BufferedIO#readuntil'
C:/Ruby34-x64/lib/ruby/gems/3.4.0/gems/net-protocol-0.2.2/lib/net/protocol.rb:209:in 'Net::BufferedIO#readline'
C:/Ruby34-x64/lib/ruby/gems/3.4.0/gems/net-smtp-0.5.1/lib/net/smtp.rb:1017:in 'Net::SMTP#recv_response'
C:/Ruby34-x64/lib/ruby/gems/3.4.0/gems/net-smtp-0.5.1/lib/net/smtp.rb:979:in 'block in Net::SMTP#data'
C:/Ruby34-x64/lib/ruby/gems/3.4.0/gems/net-smtp-0.5.1/lib/net/smtp.rb:1027:in 'Net::SMTP#critical'
C:/Ruby34-x64/lib/ruby/gems/3.4.0/gems/net-smtp-0.5.1/lib/net/smtp.rb:965:in 'Net::SMTP#data'
C:/Ruby34-x64/lib/ruby/gems/3.4.0/gems/net-smtp-0.5.1/lib/net/smtp.rb:799:in 'block in Net::SMTP#send_message'
C:/Ruby34-x64/lib/ruby/gems/3.4.0/gems/net-smtp-0.5.1/lib/net/smtp.rb:926:in 'Net::SMTP#rcptto_list'
C:/Ruby34-x64/lib/ruby/gems/3.4.0/gems/net-smtp-0.5.1/lib/net/smtp.rb:799:in 'Net::SMTP#send_message'
C:/Ruby34-x64/lib/ruby/gems/3.4.0/gems/mail-2.9.0/lib/mail/network/delivery_methods/smtp_connection.rb:53:in 'Mail::SMTPConnection#deliver!'
C:/Ruby34-x64/lib/ruby/gems/3.4.0/gems/mail-2.9.0/lib/mail/network/delivery_methods/smtp.rb:109:in 'block in Mail::SMTP#deliver!'
C:/Ruby34-x64/lib/ruby/gems/3.4.0/gems/net-smtp-0.5.1/lib/net/smtp.rb:643:in 'Net::SMTP#start'
C:/Ruby34-x64/lib/ruby/gems/3.4.0/gems/mail-2.9.0/lib/mail/network/delivery_methods/smtp.rb:154:in 'Mail::SMTP#start_smtp_session'
C:/Ruby34-x64/lib/ruby/gems/3.4.0/gems/mail-2.9.0/lib/mail/network/delivery_methods/smtp.rb:108:in 'Mail::SMTP#deliver!'
C:/Ruby34-x64/lib/ruby/gems/3.4.0/gems/mail-2.9.0/lib/mail/message.rb:269:in 'Mail::Message#deliver!'
C:/Ruby34-x64/lib/ruby/gems/3.4.0/gems/pony-1.13.1/lib/pony.rb:177:in 'Pony.deliver'
C:/Ruby34-x64/lib/ruby/gems/3.4.0/gems/pony-1.13.1/lib/pony.rb:166:in 'Pony.mail'
D:/uchoba/5 course/Distributed database development technologies/1 lab/lib/archive_sender.rb:26:in 'MyApplicationVikovan::ArchiveSender#perform'
lib/main.rb:111:in '<main>'
